app/build/intermediates/manifest_merge_blame_file/debug/manifest-merger-blame-debug-report.txt
1<?xml version="1.0" encoding="utf-8"?>
2<manifest xmlns:android="http://schemas.android.com/apk/res/android"
3    package="com.example.pharmeasy_clone"
4    android:versionCode="1"
5    android:versionName="1.0" >
6
7    <uses-sdk
8        android:minSdkVersion="28"
8-->src\main\AndroidManifest.xml
9        android:targetSdkVersion="31" />
9-->src\main\AndroidManifest.xml
10
11    <uses-permission android:name="android.permission.INTERNET" />
11-->src\main\AndroidManifest.xml:5:5-67
11-->src\main\AndroidManifest.xml:5:22-64
12
13    <application
13-->src\main\AndroidManifest.xml:7:5-33:19
14        android:allowBackup="true"
14-->src\main\AndroidManifest.xml:8:9-35
15        android:appComponentFactory="androidx.core.app.CoreComponentFactory"
15-->[androidx.core:core:1.7.0] AndroidManifest.xml:24:18-86
16        android:debuggable="true"
17        android:extractNativeLibs="false"
18        android:icon="@mipmap/ic_launcher"
18-->src\main\AndroidManifest.xml:9:9-43
19        android:label="@string/app_name"
19-->src\main\AndroidManifest.xml:10:9-41
20        android:roundIcon="@mipmap/ic_launcher_round"
20-->src\main\AndroidManifest.xml:11:9-54
21        android:supportsRtl="true"
21-->src\main\AndroidManifest.xml:12:9-35
22        android:testOnly="true"
23        android:theme="@style/Theme.PharmEasy_Clone" >
23-->src\main\AndroidManifest.xml:13:9-53
24        <activity
24-->src\main\AndroidManifest.xml:14:9-16:40
25            android:name="com.example.pharmeasy_clone.view.Activities.AllCategoryActivity"
25-->src\main\AndroidManifest.xml:15:13-64
26            android:exported="false" />
26-->src\main\AndroidManifest.xml:16:13-37
27        <activity
27-->src\main\AndroidManifest.xml:17:9-19:40
28            android:name="com.example.pharmeasy_clone.view.Activities.CategoriesActivity"
28-->src\main\AndroidManifest.xml:18:13-63
29            android:exported="false" />
29-->src\main\AndroidManifest.xml:19:13-37
30        <activity
30-->src\main\AndroidManifest.xml:20:9-23:47
31            android:name="com.example.pharmeasy_clone.view.MainActivity"
31-->src\main\AndroidManifest.xml:21:13-46
32            android:exported="false"
32-->src\main\AndroidManifest.xml:22:13-37
33            android:launchMode="singleTask" />
33-->src\main\AndroidManifest.xml:23:13-44
34        <activity
34-->src\main\AndroidManifest.xml:24:9-32:20
35            android:name="com.example.pharmeasy_clone.view.SplashActivity"
35-->src\main\AndroidManifest.xml:25:13-48
36            android:exported="true" >
36-->src\main\AndroidManifest.xml:26:13-36
37            <intent-filter>
37-->src\main\AndroidManifest.xml:27:13-31:29
38                <action android:name="android.intent.action.MAIN" />
38-->src\main\AndroidManifest.xml:28:17-69
38-->src\main\AndroidManifest.xml:28:25-66
39
40                <category android:name="android.intent.category.LAUNCHER" />
40-->src\main\AndroidManifest.xml:30:17-77
40-->src\main\AndroidManifest.xml:30:27-74
41            </intent-filter>
42        </activity>
43    </application>
44
45</manifest>